{"C:\\Users\\breno\\Desktop\\Fiap\\POSTECH\\FASE-2\\TECH_CHALLENGE\\ensino\\BlogEnsino\\src\\env.ts": {"path":"C:\\Users\\breno\\Desktop\\Fiap\\POSTECH\\FASE-2\\TECH_CHALLENGE\\ensino\\BlogEnsino\\src\\env.ts","statementMap":{"0":{"start":{"line":1,"column":0},"end":{"line":1,"column":28}},"1":{"start":{"line":3,"column":0},"end":{"line":3,"column":16}},"2":{"start":{"line":5,"column":13},"end":{"line":11,"column":2}}},"fnMap":{},"branchMap":{"0":{"loc":{"start":{"line":6,"column":17},"end":{"line":6,"column":48}},"type":"binary-expr","locations":[{"start":{"line":6,"column":17},"end":{"line":6,"column":42}},{"start":{"line":6,"column":46},"end":{"line":6,"column":48}}]},"1":{"loc":{"start":{"line":7,"column":21},"end":{"line":7,"column":56}},"type":"binary-expr","locations":[{"start":{"line":7,"column":21},"end":{"line":7,"column":50}},{"start":{"line":7,"column":54},"end":{"line":7,"column":56}}]},"2":{"loc":{"start":{"line":8,"column":17},"end":{"line":8,"column":48}},"type":"binary-expr","locations":[{"start":{"line":8,"column":17},"end":{"line":8,"column":42}},{"start":{"line":8,"column":46},"end":{"line":8,"column":48}}]},"3":{"loc":{"start":{"line":9,"column":17},"end":{"line":9,"column":48}},"type":"binary-expr","locations":[{"start":{"line":9,"column":17},"end":{"line":9,"column":42}},{"start":{"line":9,"column":46},"end":{"line":9,"column":48}}]},"4":{"loc":{"start":{"line":10,"column":17},"end":{"line":10,"column":52}},"type":"binary-expr","locations":[{"start":{"line":10,"column":17},"end":{"line":10,"column":42}},{"start":{"line":10,"column":46},"end":{"line":10,"column":52}}]}},"s":{"0":1,"1":1,"2":1},"f":{},"b":{"0":[1,0],"1":[1,0],"2":[1,0],"3":[1,0],"4":[1,0]}}
,"C:\\Users\\breno\\Desktop\\Fiap\\POSTECH\\FASE-2\\TECH_CHALLENGE\\ensino\\BlogEnsino\\src\\server.ts": {"path":"C:\\Users\\breno\\Desktop\\Fiap\\POSTECH\\FASE-2\\TECH_CHALLENGE\\ensino\\BlogEnsino\\src\\server.ts","statementMap":{"0":{"start":{"line":1,"column":0},"end":{"line":1,"column":47}},"1":{"start":{"line":2,"column":0},"end":{"line":2,"column":30}},"2":{"start":{"line":3,"column":0},"end":{"line":3,"column":42}},"3":{"start":{"line":6,"column":25},"end":{"line":6,"column":34}},"4":{"start":{"line":8,"column":0},"end":{"line":8,"column":24}},"5":{"start":{"line":9,"column":0},"end":{"line":9,"column":16}},"6":{"start":{"line":12,"column":0},"end":{"line":16,"column":3}},"7":{"start":{"line":13,"column":2},"end":{"line":13,"column":55}},"8":{"start":{"line":15,"column":2},"end":{"line":15,"column":65}},"9":{"start":{"line":18,"column":0},"end":{"line":20,"column":3}},"10":{"start":{"line":19,"column":2},"end":{"line":19,"column":48}}},"fnMap":{"0":{"name":"(anonymous_1)","decl":{"start":{"line":12,"column":37},"end":{"line":12,"column":40}},"loc":{"start":{"line":12,"column":42},"end":{"line":14,"column":1}}},"1":{"name":"(anonymous_2)","decl":{"start":{"line":14,"column":9},"end":{"line":14,"column":10}},"loc":{"start":{"line":14,"column":19},"end":{"line":16,"column":1}}},"2":{"name":"(anonymous_3)","decl":{"start":{"line":18,"column":17},"end":{"line":18,"column":20}},"loc":{"start":{"line":18,"column":22},"end":{"line":20,"column":1}}}},"branchMap":{},"s":{"0":0,"1":0,"2":0,"3":0,"4":0,"5":0,"6":0,"7":0,"8":0,"9":0,"10":0},"f":{"0":0,"1":0,"2":0},"b":{}}
,"C:\\Users\\breno\\Desktop\\Fiap\\POSTECH\\FASE-2\\TECH_CHALLENGE\\ensino\\BlogEnsino\\src\\config\\database.ts": {"path":"C:\\Users\\breno\\Desktop\\Fiap\\POSTECH\\FASE-2\\TECH_CHALLENGE\\ensino\\BlogEnsino\\src\\config\\database.ts","statementMap":{"0":{"start":{"line":1,"column":0},"end":{"line":1,"column":38}},"1":{"start":{"line":2,"column":0},"end":{"line":2,"column":29}},"2":{"start":{"line":5,"column":18},"end":{"line":9,"column":2}},"3":{"start":{"line":11,"column":0},"end":{"line":11,"column":25}}},"fnMap":{},"branchMap":{},"s":{"0":1,"1":1,"2":1,"3":1},"f":{},"b":{}}
,"C:\\Users\\breno\\Desktop\\Fiap\\POSTECH\\FASE-2\\TECH_CHALLENGE\\ensino\\BlogEnsino\\src\\controllers\\PostController.ts": {"path":"C:\\Users\\breno\\Desktop\\Fiap\\POSTECH\\FASE-2\\TECH_CHALLENGE\\ensino\\BlogEnsino\\src\\controllers\\PostController.ts","statementMap":{"0":{"start":{"line":2,"column":0},"end":{"line":2,"column":54}},"1":{"start":{"line":4,"column":20},"end":{"line":4,"column":37}},"2":{"start":{"line":8,"column":4},"end":{"line":16,"column":5}},"3":{"start":{"line":9,"column":39},"end":{"line":9,"column":47}},"4":{"start":{"line":10,"column":19},"end":{"line":10,"column":65}},"5":{"start":{"line":11,"column":6},"end":{"line":11,"column":33}},"6":{"start":{"line":12,"column":6},"end":{"line":12,"column":44}},"7":{"start":{"line":14,"column":6},"end":{"line":14,"column":72}},"8":{"start":{"line":15,"column":6},"end":{"line":15,"column":null}},"9":{"start":{"line":20,"column":4},"end":{"line":26,"column":5}},"10":{"start":{"line":21,"column":20},"end":{"line":21,"column":47}},"11":{"start":{"line":22,"column":6},"end":{"line":22,"column":34}},"12":{"start":{"line":24,"column":6},"end":{"line":24,"column":75}},"13":{"start":{"line":25,"column":6},"end":{"line":25,"column":null}},"14":{"start":{"line":30,"column":4},"end":{"line":40,"column":5}},"15":{"start":{"line":31,"column":19},"end":{"line":31,"column":60}},"16":{"start":{"line":32,"column":6},"end":{"line":36,"column":7}},"17":{"start":{"line":33,"column":8},"end":{"line":33,"column":35}},"18":{"start":{"line":35,"column":8},"end":{"line":35,"column":65}},"19":{"start":{"line":38,"column":6},"end":{"line":38,"column":73}},"20":{"start":{"line":39,"column":6},"end":{"line":39,"column":null}},"21":{"start":{"line":44,"column":4},"end":{"line":55,"column":5}},"22":{"start":{"line":45,"column":20},"end":{"line":45,"column":45}},"23":{"start":{"line":46,"column":20},"end":{"line":46,"column":56}},"24":{"start":{"line":47,"column":6},"end":{"line":51,"column":7}},"25":{"start":{"line":48,"column":8},"end":{"line":48,"column":36}},"26":{"start":{"line":50,"column":8},"end":{"line":50,"column":65}},"27":{"start":{"line":53,"column":6},"end":{"line":53,"column":79}},"28":{"start":{"line":54,"column":6},"end":{"line":54,"column":null}},"29":{"start":{"line":59,"column":4},"end":{"line":69,"column":5}},"30":{"start":{"line":60,"column":26},"end":{"line":60,"column":75}},"31":{"start":{"line":61,"column":6},"end":{"line":65,"column":7}},"32":{"start":{"line":62,"column":8},"end":{"line":62,"column":42}},"33":{"start":{"line":64,"column":8},"end":{"line":64,"column":65}},"34":{"start":{"line":67,"column":6},"end":{"line":67,"column":76}},"35":{"start":{"line":68,"column":6},"end":{"line":68,"column":null}},"36":{"start":{"line":73,"column":4},"end":{"line":88,"column":5}},"37":{"start":{"line":74,"column":6},"end":{"line":74,"column":46}},"38":{"start":{"line":75,"column":6},"end":{"line":75,"column":69}},"39":{"start":{"line":77,"column":6},"end":{"line":77,"column":52}},"40":{"start":{"line":79,"column":6},"end":{"line":87,"column":7}},"41":{"start":{"line":80,"column":8},"end":{"line":84,"column":9}},"42":{"start":{"line":81,"column":10},"end":{"line":81,"column":67}},"43":{"start":{"line":83,"column":10},"end":{"line":83,"column":90}},"44":{"start":{"line":86,"column":8},"end":{"line":86,"column":79}},"45":{"start":{"line":6,"column":0},"end":{"line":6,"column":13}}},"fnMap":{"0":{"name":"(anonymous_0)","decl":{"start":{"line":7,"column":2},"end":{"line":7,"column":8}},"loc":{"start":{"line":7,"column":53},"end":{"line":17,"column":3}}},"1":{"name":"(anonymous_1)","decl":{"start":{"line":19,"column":2},"end":{"line":19,"column":8}},"loc":{"start":{"line":19,"column":54},"end":{"line":27,"column":3}}},"2":{"name":"(anonymous_2)","decl":{"start":{"line":29,"column":2},"end":{"line":29,"column":8}},"loc":{"start":{"line":29,"column":54},"end":{"line":41,"column":3}}},"3":{"name":"(anonymous_3)","decl":{"start":{"line":43,"column":2},"end":{"line":43,"column":8}},"loc":{"start":{"line":43,"column":57},"end":{"line":56,"column":3}}},"4":{"name":"(anonymous_4)","decl":{"start":{"line":58,"column":2},"end":{"line":58,"column":8}},"loc":{"start":{"line":58,"column":51},"end":{"line":70,"column":3}}},"5":{"name":"(anonymous_5)","decl":{"start":{"line":72,"column":2},"end":{"line":72,"column":8}},"loc":{"start":{"line":72,"column":53},"end":{"line":89,"column":3}}}},"branchMap":{"0":{"loc":{"start":{"line":32,"column":6},"end":{"line":36,"column":7}},"type":"if","locations":[{"start":{"line":32,"column":6},"end":{"line":36,"column":7}},{"start":{"line":34,"column":13},"end":{"line":36,"column":7}}]},"1":{"loc":{"start":{"line":47,"column":6},"end":{"line":51,"column":7}},"type":"if","locations":[{"start":{"line":47,"column":6},"end":{"line":51,"column":7}},{"start":{"line":49,"column":13},"end":{"line":51,"column":7}}]},"2":{"loc":{"start":{"line":61,"column":6},"end":{"line":65,"column":7}},"type":"if","locations":[{"start":{"line":61,"column":6},"end":{"line":65,"column":7}},{"start":{"line":63,"column":13},"end":{"line":65,"column":7}}]},"3":{"loc":{"start":{"line":79,"column":6},"end":{"line":87,"column":7}},"type":"if","locations":[{"start":{"line":79,"column":6},"end":{"line":87,"column":7}},{"start":{"line":85,"column":13},"end":{"line":87,"column":7}}]},"4":{"loc":{"start":{"line":80,"column":8},"end":{"line":84,"column":9}},"type":"if","locations":[{"start":{"line":80,"column":8},"end":{"line":84,"column":9}},{"start":{"line":82,"column":15},"end":{"line":84,"column":9}}]}},"s":{"0":0,"1":0,"2":0,"3":0,"4":0,"5":0,"6":0,"7":0,"8":0,"9":0,"10":0,"11":0,"12":0,"13":0,"14":0,"15":0,"16":0,"17":0,"18":0,"19":0,"20":0,"21":0,"22":0,"23":0,"24":0,"25":0,"26":0,"27":0,"28":0,"29":0,"30":0,"31":0,"32":0,"33":0,"34":0,"35":0,"36":0,"37":0,"38":0,"39":0,"40":0,"41":0,"42":0,"43":0,"44":0,"45":0},"f":{"0":0,"1":0,"2":0,"3":0,"4":0,"5":0},"b":{"0":[0,0],"1":[0,0],"2":[0,0],"3":[0,0],"4":[0,0]}}
,"C:\\Users\\breno\\Desktop\\Fiap\\POSTECH\\FASE-2\\TECH_CHALLENGE\\ensino\\BlogEnsino\\src\\controllers\\UserController.ts": {"path":"C:\\Users\\breno\\Desktop\\Fiap\\POSTECH\\FASE-2\\TECH_CHALLENGE\\ensino\\BlogEnsino\\src\\controllers\\UserController.ts","statementMap":{"0":{"start":{"line":2,"column":0},"end":{"line":2,"column":54}},"1":{"start":{"line":4,"column":20},"end":{"line":4,"column":37}},"2":{"start":{"line":9,"column":8},"end":{"line":16,"column":9}},"3":{"start":{"line":10,"column":39},"end":{"line":10,"column":47}},"4":{"start":{"line":11,"column":25},"end":{"line":11,"column":65}},"5":{"start":{"line":12,"column":12},"end":{"line":12,"column":39}},"6":{"start":{"line":14,"column":12},"end":{"line":14,"column":61}},"7":{"start":{"line":15,"column":12},"end":{"line":15,"column":88}},"8":{"start":{"line":20,"column":8},"end":{"line":26,"column":9}},"9":{"start":{"line":21,"column":26},"end":{"line":21,"column":53}},"10":{"start":{"line":22,"column":12},"end":{"line":22,"column":40}},"11":{"start":{"line":24,"column":12},"end":{"line":24,"column":62}},"12":{"start":{"line":25,"column":12},"end":{"line":25,"column":89}},"13":{"start":{"line":30,"column":8},"end":{"line":40,"column":9}},"14":{"start":{"line":31,"column":25},"end":{"line":31,"column":66}},"15":{"start":{"line":32,"column":12},"end":{"line":36,"column":13}},"16":{"start":{"line":33,"column":16},"end":{"line":33,"column":43}},"17":{"start":{"line":35,"column":16},"end":{"line":35,"column":76}},"18":{"start":{"line":38,"column":12},"end":{"line":38,"column":62}},"19":{"start":{"line":39,"column":12},"end":{"line":39,"column":89}},"20":{"start":{"line":44,"column":8},"end":{"line":54,"column":9}},"21":{"start":{"line":45,"column":32},"end":{"line":45,"column":81}},"22":{"start":{"line":46,"column":12},"end":{"line":50,"column":13}},"23":{"start":{"line":47,"column":16},"end":{"line":47,"column":50}},"24":{"start":{"line":49,"column":16},"end":{"line":49,"column":76}},"25":{"start":{"line":52,"column":12},"end":{"line":52,"column":59}},"26":{"start":{"line":53,"column":12},"end":{"line":53,"column":86}},"27":{"start":{"line":58,"column":8},"end":{"line":73,"column":9}},"28":{"start":{"line":59,"column":12},"end":{"line":59,"column":52}},"29":{"start":{"line":60,"column":12},"end":{"line":60,"column":78}},"30":{"start":{"line":62,"column":12},"end":{"line":62,"column":61}},"31":{"start":{"line":64,"column":12},"end":{"line":72,"column":13}},"32":{"start":{"line":65,"column":16},"end":{"line":69,"column":17}},"33":{"start":{"line":66,"column":20},"end":{"line":66,"column":80}},"34":{"start":{"line":68,"column":20},"end":{"line":68,"column":103}},"35":{"start":{"line":71,"column":16},"end":{"line":71,"column":90}},"36":{"start":{"line":6,"column":0},"end":{"line":6,"column":13}}},"fnMap":{"0":{"name":"(anonymous_0)","decl":{"start":{"line":8,"column":4},"end":{"line":8,"column":10}},"loc":{"start":{"line":8,"column":55},"end":{"line":17,"column":5}}},"1":{"name":"(anonymous_1)","decl":{"start":{"line":19,"column":4},"end":{"line":19,"column":10}},"loc":{"start":{"line":19,"column":56},"end":{"line":27,"column":5}}},"2":{"name":"(anonymous_2)","decl":{"start":{"line":29,"column":4},"end":{"line":29,"column":10}},"loc":{"start":{"line":29,"column":56},"end":{"line":41,"column":5}}},"3":{"name":"(anonymous_3)","decl":{"start":{"line":43,"column":4},"end":{"line":43,"column":10}},"loc":{"start":{"line":43,"column":53},"end":{"line":55,"column":5}}},"4":{"name":"(anonymous_4)","decl":{"start":{"line":57,"column":4},"end":{"line":57,"column":10}},"loc":{"start":{"line":57,"column":55},"end":{"line":74,"column":5}}}},"branchMap":{"0":{"loc":{"start":{"line":32,"column":12},"end":{"line":36,"column":13}},"type":"if","locations":[{"start":{"line":32,"column":12},"end":{"line":36,"column":13}},{"start":{"line":34,"column":19},"end":{"line":36,"column":13}}]},"1":{"loc":{"start":{"line":46,"column":12},"end":{"line":50,"column":13}},"type":"if","locations":[{"start":{"line":46,"column":12},"end":{"line":50,"column":13}},{"start":{"line":48,"column":19},"end":{"line":50,"column":13}}]},"2":{"loc":{"start":{"line":64,"column":12},"end":{"line":72,"column":13}},"type":"if","locations":[{"start":{"line":64,"column":12},"end":{"line":72,"column":13}},{"start":{"line":70,"column":19},"end":{"line":72,"column":13}}]},"3":{"loc":{"start":{"line":65,"column":16},"end":{"line":69,"column":17}},"type":"if","locations":[{"start":{"line":65,"column":16},"end":{"line":69,"column":17}},{"start":{"line":67,"column":23},"end":{"line":69,"column":17}}]}},"s":{"0":1,"1":1,"2":2,"3":2,"4":2,"5":1,"6":1,"7":1,"8":0,"9":0,"10":0,"11":0,"12":0,"13":0,"14":0,"15":0,"16":0,"17":0,"18":0,"19":0,"20":0,"21":0,"22":0,"23":0,"24":0,"25":0,"26":0,"27":0,"28":0,"29":0,"30":0,"31":0,"32":0,"33":0,"34":0,"35":0,"36":1},"f":{"0":2,"1":0,"2":0,"3":0,"4":0},"b":{"0":[0,0],"1":[0,0],"2":[0,0],"3":[0,0]}}
,"C:\\Users\\breno\\Desktop\\Fiap\\POSTECH\\FASE-2\\TECH_CHALLENGE\\ensino\\BlogEnsino\\src\\mappers\\PostMapper.ts": {"path":"C:\\Users\\breno\\Desktop\\Fiap\\POSTECH\\FASE-2\\TECH_CHALLENGE\\ensino\\BlogEnsino\\src\\mappers\\PostMapper.ts","statementMap":{"0":{"start":{"line":1,"column":0},"end":{"line":1,"column":59}},"1":{"start":{"line":6,"column":8},"end":{"line":6,"column":null}},"2":{"start":{"line":4,"column":0},"end":{"line":4,"column":13}}},"fnMap":{"0":{"name":"(anonymous_0)","decl":{"start":{"line":5,"column":4},"end":{"line":5,"column":10}},"loc":{"start":{"line":5,"column":35},"end":{"line":7,"column":5}}}},"branchMap":{},"s":{"0":0,"1":0,"2":0},"f":{"0":0},"b":{}}
,"C:\\Users\\breno\\Desktop\\Fiap\\POSTECH\\FASE-2\\TECH_CHALLENGE\\ensino\\BlogEnsino\\src\\mappers\\UserMapper.ts": {"path":"C:\\Users\\breno\\Desktop\\Fiap\\POSTECH\\FASE-2\\TECH_CHALLENGE\\ensino\\BlogEnsino\\src\\mappers\\UserMapper.ts","statementMap":{"0":{"start":{"line":2,"column":0},"end":{"line":2,"column":57}},"1":{"start":{"line":6,"column":8},"end":{"line":6,"column":null}},"2":{"start":{"line":4,"column":0},"end":{"line":4,"column":13}}},"fnMap":{"0":{"name":"(anonymous_0)","decl":{"start":{"line":5,"column":4},"end":{"line":5,"column":10}},"loc":{"start":{"line":5,"column":35},"end":{"line":7,"column":5}}}},"branchMap":{},"s":{"0":1,"1":0,"2":1},"f":{"0":0},"b":{}}
,"C:\\Users\\breno\\Desktop\\Fiap\\POSTECH\\FASE-2\\TECH_CHALLENGE\\ensino\\BlogEnsino\\src\\models\\Post.ts": {"path":"C:\\Users\\breno\\Desktop\\Fiap\\POSTECH\\FASE-2\\TECH_CHALLENGE\\ensino\\BlogEnsino\\src\\models\\Post.ts","statementMap":{"0":{"start":{"line":1,"column":0},"end":{"line":1,"column":73}},"1":{"start":{"line":2,"column":0},"end":{"line":2,"column":43}},"2":{"start":{"line":21,"column":8},"end":{"line":53,"column":10}},"3":{"start":{"line":57,"column":8},"end":{"line":57,"column":75}},"4":{"start":{"line":14,"column":0},"end":{"line":14,"column":13}},"5":{"start":{"line":60,"column":0},"end":{"line":60,"column":17}}},"fnMap":{"0":{"name":"(anonymous_1)","decl":{"start":{"line":20,"column":4},"end":{"line":20,"column":10}},"loc":{"start":{"line":20,"column":20},"end":{"line":54,"column":5}}},"1":{"name":"(anonymous_2)","decl":{"start":{"line":56,"column":4},"end":{"line":56,"column":10}},"loc":{"start":{"line":56,"column":32},"end":{"line":58,"column":5}}}},"branchMap":{},"s":{"0":0,"1":0,"2":0,"3":0,"4":0,"5":0},"f":{"0":0,"1":0},"b":{}}
,"C:\\Users\\breno\\Desktop\\Fiap\\POSTECH\\FASE-2\\TECH_CHALLENGE\\ensino\\BlogEnsino\\src\\models\\User.ts": {"path":"C:\\Users\\breno\\Desktop\\Fiap\\POSTECH\\FASE-2\\TECH_CHALLENGE\\ensino\\BlogEnsino\\src\\models\\User.ts","statementMap":{"0":{"start":{"line":1,"column":0},"end":{"line":1,"column":73}},"1":{"start":{"line":2,"column":0},"end":{"line":2,"column":43}},"2":{"start":{"line":20,"column":8},"end":{"line":53,"column":10}},"3":{"start":{"line":57,"column":8},"end":{"line":57,"column":74}},"4":{"start":{"line":14,"column":0},"end":{"line":14,"column":13}},"5":{"start":{"line":61,"column":0},"end":{"line":61,"column":17}}},"fnMap":{"0":{"name":"(anonymous_1)","decl":{"start":{"line":19,"column":4},"end":{"line":19,"column":10}},"loc":{"start":{"line":19,"column":20},"end":{"line":54,"column":5}}},"1":{"name":"(anonymous_2)","decl":{"start":{"line":56,"column":4},"end":{"line":56,"column":10}},"loc":{"start":{"line":56,"column":32},"end":{"line":58,"column":5}}}},"branchMap":{},"s":{"0":1,"1":1,"2":1,"3":0,"4":1,"5":1},"f":{"0":1,"1":0},"b":{}}
,"C:\\Users\\breno\\Desktop\\Fiap\\POSTECH\\FASE-2\\TECH_CHALLENGE\\ensino\\BlogEnsino\\src\\models\\index.ts": {"path":"C:\\Users\\breno\\Desktop\\Fiap\\POSTECH\\FASE-2\\TECH_CHALLENGE\\ensino\\BlogEnsino\\src\\models\\index.ts","statementMap":{"0":{"start":{"line":1,"column":0},"end":{"line":1,"column":38}},"1":{"start":{"line":2,"column":0},"end":{"line":2,"column":30}},"2":{"start":{"line":3,"column":0},"end":{"line":3,"column":30}},"3":{"start":{"line":4,"column":0},"end":{"line":4,"column":43}},"4":{"start":{"line":8,"column":35},"end":{"line":11,"column":2}},"5":{"start":{"line":13,"column":0},"end":{"line":13,"column":17}},"6":{"start":{"line":14,"column":0},"end":{"line":14,"column":17}},"7":{"start":{"line":16,"column":0},"end":{"line":20,"column":3}},"8":{"start":{"line":17,"column":4},"end":{"line":19,"column":5}},"9":{"start":{"line":18,"column":8},"end":{"line":18,"column":36}},"10":{"start":{"line":22,"column":0},"end":{"line":22,"column":25}},"11":{"start":{"line":23,"column":0},"end":{"line":23,"column":25}},"12":{"start":{"line":25,"column":0},"end":{"line":25,"column":18}}},"fnMap":{"0":{"name":"(anonymous_1)","decl":{"start":{"line":16,"column":24},"end":{"line":16,"column":33}},"loc":{"start":{"line":16,"column":36},"end":{"line":20,"column":1}}}},"branchMap":{"0":{"loc":{"start":{"line":17,"column":4},"end":{"line":19,"column":5}},"type":"if","locations":[{"start":{"line":17,"column":4},"end":{"line":19,"column":5}}]}},"s":{"0":0,"1":0,"2":0,"3":0,"4":0,"5":0,"6":0,"7":0,"8":0,"9":0,"10":0,"11":0,"12":0},"f":{"0":0},"b":{"0":[0]}}
,"C:\\Users\\breno\\Desktop\\Fiap\\POSTECH\\FASE-2\\TECH_CHALLENGE\\ensino\\BlogEnsino\\src\\repositories\\PostRepository.ts": {"path":"C:\\Users\\breno\\Desktop\\Fiap\\POSTECH\\FASE-2\\TECH_CHALLENGE\\ensino\\BlogEnsino\\src\\repositories\\PostRepository.ts","statementMap":{"0":{"start":{"line":1,"column":0},"end":{"line":1,"column":38}},"1":{"start":{"line":2,"column":0},"end":{"line":2,"column":31}},"2":{"start":{"line":8,"column":8},"end":{"line":8,"column":null}},"3":{"start":{"line":13,"column":8},"end":{"line":13,"column":30}},"4":{"start":{"line":18,"column":8},"end":{"line":22,"column":11}},"5":{"start":{"line":27,"column":8},"end":{"line":27,"column":null}},"6":{"start":{"line":33,"column":8},"end":{"line":33,"column":null}},"7":{"start":{"line":38,"column":8},"end":{"line":38,"column":null}},"8":{"start":{"line":5,"column":0},"end":{"line":5,"column":13}}},"fnMap":{"0":{"name":"(anonymous_0)","decl":{"start":{"line":7,"column":4},"end":{"line":7,"column":10}},"loc":{"start":{"line":7,"column":55},"end":{"line":9,"column":5}}},"1":{"name":"(anonymous_1)","decl":{"start":{"line":12,"column":4},"end":{"line":12,"column":11}},"loc":{"start":{"line":12,"column":11},"end":{"line":14,"column":5}}},"2":{"name":"(anonymous_2)","decl":{"start":{"line":17,"column":4},"end":{"line":17,"column":15}},"loc":{"start":{"line":17,"column":29},"end":{"line":23,"column":5}}},"3":{"name":"(anonymous_3)","decl":{"start":{"line":26,"column":4},"end":{"line":26,"column":12}},"loc":{"start":{"line":26,"column":23},"end":{"line":28,"column":5}}},"4":{"name":"(anonymous_4)","decl":{"start":{"line":32,"column":4},"end":{"line":32,"column":10}},"loc":{"start":{"line":32,"column":62},"end":{"line":34,"column":5}}},"5":{"name":"(anonymous_5)","decl":{"start":{"line":37,"column":4},"end":{"line":37,"column":10}},"loc":{"start":{"line":37,"column":21},"end":{"line":39,"column":5}}}},"branchMap":{},"s":{"0":0,"1":0,"2":0,"3":0,"4":0,"5":0,"6":0,"7":0,"8":0},"f":{"0":0,"1":0,"2":0,"3":0,"4":0,"5":0},"b":{}}
,"C:\\Users\\breno\\Desktop\\Fiap\\POSTECH\\FASE-2\\TECH_CHALLENGE\\ensino\\BlogEnsino\\src\\repositories\\UserRepository.ts": {"path":"C:\\Users\\breno\\Desktop\\Fiap\\POSTECH\\FASE-2\\TECH_CHALLENGE\\ensino\\BlogEnsino\\src\\repositories\\UserRepository.ts","statementMap":{"0":{"start":{"line":2,"column":0},"end":{"line":2,"column":38}},"1":{"start":{"line":7,"column":8},"end":{"line":7,"column":30}},"2":{"start":{"line":11,"column":8},"end":{"line":11,"column":33}},"3":{"start":{"line":15,"column":8},"end":{"line":15,"column":null}},"4":{"start":{"line":19,"column":8},"end":{"line":21,"column":9}},"5":{"start":{"line":20,"column":12},"end":{"line":20,"column":82}},"6":{"start":{"line":22,"column":8},"end":{"line":22,"column":null}},"7":{"start":{"line":26,"column":8},"end":{"line":26,"column":null}},"8":{"start":{"line":30,"column":8},"end":{"line":30,"column":null}},"9":{"start":{"line":5,"column":0},"end":{"line":5,"column":13}}},"fnMap":{"0":{"name":"(anonymous_0)","decl":{"start":{"line":6,"column":4},"end":{"line":6,"column":11}},"loc":{"start":{"line":6,"column":11},"end":{"line":8,"column":5}}},"1":{"name":"(anonymous_1)","decl":{"start":{"line":10,"column":4},"end":{"line":10,"column":12}},"loc":{"start":{"line":10,"column":23},"end":{"line":12,"column":5}}},"2":{"name":"(anonymous_2)","decl":{"start":{"line":14,"column":4},"end":{"line":14,"column":18}},"loc":{"start":{"line":14,"column":35},"end":{"line":16,"column":5}}},"3":{"name":"(anonymous_3)","decl":{"start":{"line":18,"column":4},"end":{"line":18,"column":10}},"loc":{"start":{"line":18,"column":41},"end":{"line":23,"column":5}}},"4":{"name":"(anonymous_4)","decl":{"start":{"line":25,"column":4},"end":{"line":25,"column":10}},"loc":{"start":{"line":25,"column":65},"end":{"line":27,"column":5}}},"5":{"name":"(anonymous_5)","decl":{"start":{"line":29,"column":4},"end":{"line":29,"column":10}},"loc":{"start":{"line":29,"column":21},"end":{"line":31,"column":5}}}},"branchMap":{"0":{"loc":{"start":{"line":19,"column":8},"end":{"line":21,"column":9}},"type":"if","locations":[{"start":{"line":19,"column":8},"end":{"line":21,"column":9}}]},"1":{"loc":{"start":{"line":19,"column":12},"end":{"line":19,"column":30}},"type":"binary-expr","locations":[{"start":{"line":19,"column":12},"end":{"line":19,"column":17}},{"start":{"line":19,"column":21},"end":{"line":19,"column":30}}]}},"s":{"0":1,"1":0,"2":0,"3":0,"4":0,"5":0,"6":0,"7":0,"8":0,"9":1},"f":{"0":0,"1":0,"2":0,"3":0,"4":0,"5":0},"b":{"0":[0],"1":[0,0]}}
,"C:\\Users\\breno\\Desktop\\Fiap\\POSTECH\\FASE-2\\TECH_CHALLENGE\\ensino\\BlogEnsino\\src\\resources\\PostResource.ts": {"path":"C:\\Users\\breno\\Desktop\\Fiap\\POSTECH\\FASE-2\\TECH_CHALLENGE\\ensino\\BlogEnsino\\src\\resources\\PostResource.ts","statementMap":{"0":{"start":{"line":10,"column":8},"end":{"line":10,"column":27}},"1":{"start":{"line":11,"column":8},"end":{"line":11,"column":27}},"2":{"start":{"line":12,"column":8},"end":{"line":12,"column":25}},"3":{"start":{"line":13,"column":8},"end":{"line":13,"column":29}},"4":{"start":{"line":14,"column":8},"end":{"line":14,"column":36}},"5":{"start":{"line":15,"column":8},"end":{"line":15,"column":36}},"6":{"start":{"line":1,"column":0},"end":{"line":1,"column":13}}},"fnMap":{"0":{"name":"(anonymous_0)","decl":{"start":{"line":9,"column":4},"end":{"line":9,"column":16}},"loc":{"start":{"line":9,"column":72},"end":{"line":16,"column":5}}}},"branchMap":{"0":{"loc":{"start":{"line":10,"column":18},"end":{"line":10,"column":26}},"type":"binary-expr","locations":[{"start":{"line":10,"column":18},"end":{"line":10,"column":20}},{"start":{"line":10,"column":24},"end":{"line":10,"column":26}}]}},"s":{"0":0,"1":0,"2":0,"3":0,"4":0,"5":0,"6":0},"f":{"0":0},"b":{"0":[0,0]}}
,"C:\\Users\\breno\\Desktop\\Fiap\\POSTECH\\FASE-2\\TECH_CHALLENGE\\ensino\\BlogEnsino\\src\\resources\\UserResource.ts": {"path":"C:\\Users\\breno\\Desktop\\Fiap\\POSTECH\\FASE-2\\TECH_CHALLENGE\\ensino\\BlogEnsino\\src\\resources\\UserResource.ts","statementMap":{"0":{"start":{"line":9,"column":8},"end":{"line":9,"column":27}},"1":{"start":{"line":10,"column":8},"end":{"line":10,"column":33}},"2":{"start":{"line":11,"column":8},"end":{"line":11,"column":25}},"3":{"start":{"line":12,"column":8},"end":{"line":12,"column":36}},"4":{"start":{"line":13,"column":8},"end":{"line":13,"column":36}},"5":{"start":{"line":1,"column":0},"end":{"line":1,"column":13}}},"fnMap":{"0":{"name":"(anonymous_0)","decl":{"start":{"line":8,"column":4},"end":{"line":8,"column":16}},"loc":{"start":{"line":8,"column":59},"end":{"line":14,"column":5}}}},"branchMap":{"0":{"loc":{"start":{"line":9,"column":18},"end":{"line":9,"column":26}},"type":"binary-expr","locations":[{"start":{"line":9,"column":18},"end":{"line":9,"column":20}},{"start":{"line":9,"column":24},"end":{"line":9,"column":26}}]}},"s":{"0":0,"1":0,"2":0,"3":0,"4":0,"5":1},"f":{"0":0},"b":{"0":[0,0]}}
,"C:\\Users\\breno\\Desktop\\Fiap\\POSTECH\\FASE-2\\TECH_CHALLENGE\\ensino\\BlogEnsino\\src\\routes\\PostRoutes.ts": {"path":"C:\\Users\\breno\\Desktop\\Fiap\\POSTECH\\FASE-2\\TECH_CHALLENGE\\ensino\\BlogEnsino\\src\\routes\\PostRoutes.ts","statementMap":{"0":{"start":{"line":1,"column":0},"end":{"line":1,"column":33}},"1":{"start":{"line":2,"column":0},"end":{"line":2,"column":63}},"2":{"start":{"line":4,"column":27},"end":{"line":4,"column":35}},"3":{"start":{"line":6,"column":0},"end":{"line":6,"column":47}},"4":{"start":{"line":7,"column":0},"end":{"line":7,"column":47}},"5":{"start":{"line":10,"column":0},"end":{"line":10,"column":57}},"6":{"start":{"line":12,"column":0},"end":{"line":12,"column":51}},"7":{"start":{"line":13,"column":0},"end":{"line":13,"column":48}},"8":{"start":{"line":14,"column":0},"end":{"line":14,"column":53}},"9":{"start":{"line":16,"column":0},"end":{"line":16,"column":26}}},"fnMap":{},"branchMap":{},"s":{"0":0,"1":0,"2":0,"3":0,"4":0,"5":0,"6":0,"7":0,"8":0,"9":0},"f":{},"b":{}}
,"C:\\Users\\breno\\Desktop\\Fiap\\POSTECH\\FASE-2\\TECH_CHALLENGE\\ensino\\BlogEnsino\\src\\routes\\UserRoutes.ts": {"path":"C:\\Users\\breno\\Desktop\\Fiap\\POSTECH\\FASE-2\\TECH_CHALLENGE\\ensino\\BlogEnsino\\src\\routes\\UserRoutes.ts","statementMap":{"0":{"start":{"line":1,"column":0},"end":{"line":1,"column":33}},"1":{"start":{"line":2,"column":0},"end":{"line":2,"column":63}},"2":{"start":{"line":4,"column":27},"end":{"line":4,"column":35}},"3":{"start":{"line":6,"column":0},"end":{"line":6,"column":47}},"4":{"start":{"line":7,"column":0},"end":{"line":7,"column":47}},"5":{"start":{"line":8,"column":0},"end":{"line":8,"column":51}},"6":{"start":{"line":9,"column":0},"end":{"line":9,"column":48}},"7":{"start":{"line":10,"column":0},"end":{"line":10,"column":53}},"8":{"start":{"line":12,"column":0},"end":{"line":12,"column":26}}},"fnMap":{},"branchMap":{},"s":{"0":0,"1":0,"2":0,"3":0,"4":0,"5":0,"6":0,"7":0,"8":0},"f":{},"b":{}}
,"C:\\Users\\breno\\Desktop\\Fiap\\POSTECH\\FASE-2\\TECH_CHALLENGE\\ensino\\BlogEnsino\\src\\routes\\index.ts": {"path":"C:\\Users\\breno\\Desktop\\Fiap\\POSTECH\\FASE-2\\TECH_CHALLENGE\\ensino\\BlogEnsino\\src\\routes\\index.ts","statementMap":{"0":{"start":{"line":1,"column":0},"end":{"line":1,"column":33}},"1":{"start":{"line":2,"column":0},"end":{"line":2,"column":38}},"2":{"start":{"line":3,"column":0},"end":{"line":3,"column":38}},"3":{"start":{"line":7,"column":23},"end":{"line":7,"column":31}},"4":{"start":{"line":9,"column":0},"end":{"line":9,"column":33}},"5":{"start":{"line":10,"column":0},"end":{"line":10,"column":33}},"6":{"start":{"line":12,"column":0},"end":{"line":12,"column":22}}},"fnMap":{},"branchMap":{},"s":{"0":0,"1":0,"2":0,"3":0,"4":0,"5":0,"6":0},"f":{},"b":{}}
,"C:\\Users\\breno\\Desktop\\Fiap\\POSTECH\\FASE-2\\TECH_CHALLENGE\\ensino\\BlogEnsino\\src\\services\\PostService.ts": {"path":"C:\\Users\\breno\\Desktop\\Fiap\\POSTECH\\FASE-2\\TECH_CHALLENGE\\ensino\\BlogEnsino\\src\\services\\PostService.ts","statementMap":{"0":{"start":{"line":1,"column":0},"end":{"line":1,"column":51}},"1":{"start":{"line":2,"column":0},"end":{"line":2,"column":64}},"2":{"start":{"line":5,"column":23},"end":{"line":5,"column":43}},"3":{"start":{"line":9,"column":8},"end":{"line":14,"column":9}},"4":{"start":{"line":10,"column":32},"end":{"line":10,"column":81}},"5":{"start":{"line":11,"column":12},"end":{"line":11,"column":null}},"6":{"start":{"line":13,"column":12},"end":{"line":13,"column":74}},"7":{"start":{"line":18,"column":8},"end":{"line":23,"column":9}},"8":{"start":{"line":19,"column":26},"end":{"line":19,"column":56}},"9":{"start":{"line":20,"column":12},"end":{"line":20,"column":69}},"10":{"start":{"line":20,"column":37},"end":{"line":20,"column":67}},"11":{"start":{"line":22,"column":12},"end":{"line":22,"column":77}},"12":{"start":{"line":28,"column":8},"end":{"line":35,"column":9}},"13":{"start":{"line":29,"column":26},"end":{"line":29,"column":65}},"14":{"start":{"line":30,"column":12},"end":{"line":30,"column":116}},"15":{"start":{"line":30,"column":53},"end":{"line":30,"column":116}},"16":{"start":{"line":31,"column":29},"end":{"line":31,"column":78}},"17":{"start":{"line":31,"column":47},"end":{"line":31,"column":77}},"18":{"start":{"line":32,"column":12},"end":{"line":32,"column":null}},"19":{"start":{"line":34,"column":12},"end":{"line":34,"column":84}},"20":{"start":{"line":39,"column":8},"end":{"line":44,"column":9}},"21":{"start":{"line":40,"column":25},"end":{"line":40,"column":52}},"22":{"start":{"line":41,"column":12},"end":{"line":41,"column":null}},"23":{"start":{"line":43,"column":12},"end":{"line":43,"column":78}},"24":{"start":{"line":48,"column":8},"end":{"line":54,"column":9}},"25":{"start":{"line":49,"column":25},"end":{"line":49,"column":52}},"26":{"start":{"line":50,"column":32},"end":{"line":50,"column":80}},"27":{"start":{"line":51,"column":12},"end":{"line":51,"column":null}},"28":{"start":{"line":53,"column":12},"end":{"line":53,"column":74}},"29":{"start":{"line":58,"column":8},"end":{"line":63,"column":9}},"30":{"start":{"line":59,"column":25},"end":{"line":59,"column":52}},"31":{"start":{"line":60,"column":12},"end":{"line":60,"column":null}},"32":{"start":{"line":62,"column":12},"end":{"line":62,"column":73}},"33":{"start":{"line":67,"column":21},"end":{"line":67,"column":54}},"34":{"start":{"line":68,"column":8},"end":{"line":68,"column":82}},"35":{"start":{"line":68,"column":19},"end":{"line":68,"column":82}},"36":{"start":{"line":69,"column":8},"end":{"line":69,"column":20}},"37":{"start":{"line":7,"column":0},"end":{"line":7,"column":13}}},"fnMap":{"0":{"name":"(anonymous_0)","decl":{"start":{"line":8,"column":4},"end":{"line":8,"column":9}},"loc":{"start":{"line":8,"column":61},"end":{"line":15,"column":5}}},"1":{"name":"(anonymous_1)","decl":{"start":{"line":17,"column":4},"end":{"line":17,"column":9}},"loc":{"start":{"line":17,"column":17},"end":{"line":25,"column":5}}},"2":{"name":"(anonymous_2)","decl":{"start":{"line":20,"column":29},"end":{"line":20,"column":33}},"loc":{"start":{"line":20,"column":37},"end":{"line":20,"column":67}}},"3":{"name":"(anonymous_3)","decl":{"start":{"line":27,"column":4},"end":{"line":27,"column":9}},"loc":{"start":{"line":27,"column":35},"end":{"line":36,"column":5}}},"4":{"name":"(anonymous_4)","decl":{"start":{"line":31,"column":39},"end":{"line":31,"column":43}},"loc":{"start":{"line":31,"column":47},"end":{"line":31,"column":77}}},"5":{"name":"(anonymous_5)","decl":{"start":{"line":38,"column":4},"end":{"line":38,"column":9}},"loc":{"start":{"line":38,"column":29},"end":{"line":45,"column":5}}},"6":{"name":"(anonymous_6)","decl":{"start":{"line":47,"column":4},"end":{"line":47,"column":9}},"loc":{"start":{"line":47,"column":75},"end":{"line":55,"column":5}}},"7":{"name":"(anonymous_7)","decl":{"start":{"line":57,"column":4},"end":{"line":57,"column":9}},"loc":{"start":{"line":57,"column":27},"end":{"line":64,"column":5}}},"8":{"name":"(anonymous_8)","decl":{"start":{"line":66,"column":12},"end":{"line":66,"column":17}},"loc":{"start":{"line":66,"column":41},"end":{"line":70,"column":5}}}},"branchMap":{"0":{"loc":{"start":{"line":30,"column":12},"end":{"line":30,"column":116}},"type":"if","locations":[{"start":{"line":30,"column":12},"end":{"line":30,"column":116}}]},"1":{"loc":{"start":{"line":30,"column":16},"end":{"line":30,"column":51}},"type":"binary-expr","locations":[{"start":{"line":30,"column":16},"end":{"line":30,"column":30}},{"start":{"line":30,"column":34},"end":{"line":30,"column":51}}]},"2":{"loc":{"start":{"line":68,"column":8},"end":{"line":68,"column":82}},"type":"if","locations":[{"start":{"line":68,"column":8},"end":{"line":68,"column":82}}]}},"s":{"0":0,"1":0,"2":0,"3":0,"4":0,"5":0,"6":0,"7":0,"8":0,"9":0,"10":0,"11":0,"12":0,"13":0,"14":0,"15":0,"16":0,"17":0,"18":0,"19":0,"20":0,"21":0,"22":0,"23":0,"24":0,"25":0,"26":0,"27":0,"28":0,"29":0,"30":0,"31":0,"32":0,"33":0,"34":0,"35":0,"36":0,"37":0},"f":{"0":0,"1":0,"2":0,"3":0,"4":0,"5":0,"6":0,"7":0,"8":0},"b":{"0":[0],"1":[0,0],"2":[0]}}
,"C:\\Users\\breno\\Desktop\\Fiap\\POSTECH\\FASE-2\\TECH_CHALLENGE\\ensino\\BlogEnsino\\src\\services\\UserService.ts": {"path":"C:\\Users\\breno\\Desktop\\Fiap\\POSTECH\\FASE-2\\TECH_CHALLENGE\\ensino\\BlogEnsino\\src\\services\\UserService.ts","statementMap":{"0":{"start":{"line":2,"column":0},"end":{"line":2,"column":64}},"1":{"start":{"line":3,"column":0},"end":{"line":3,"column":51}},"2":{"start":{"line":5,"column":23},"end":{"line":5,"column":43}},"3":{"start":{"line":10,"column":8},"end":{"line":16,"column":9}},"4":{"start":{"line":11,"column":12},"end":{"line":11,"column":50}},"5":{"start":{"line":12,"column":32},"end":{"line":12,"column":75}},"6":{"start":{"line":13,"column":12},"end":{"line":13,"column":null}},"7":{"start":{"line":15,"column":12},"end":{"line":15,"column":74}},"8":{"start":{"line":20,"column":8},"end":{"line":27,"column":9}},"9":{"start":{"line":21,"column":26},"end":{"line":21,"column":56}},"10":{"start":{"line":22,"column":12},"end":{"line":22,"column":102}},"11":{"start":{"line":22,"column":53},"end":{"line":22,"column":102}},"12":{"start":{"line":23,"column":31},"end":{"line":23,"column":80}},"13":{"start":{"line":23,"column":49},"end":{"line":23,"column":79}},"14":{"start":{"line":24,"column":12},"end":{"line":24,"column":null}},"15":{"start":{"line":26,"column":12},"end":{"line":26,"column":80}},"16":{"start":{"line":31,"column":8},"end":{"line":37,"column":9}},"17":{"start":{"line":32,"column":25},"end":{"line":32,"column":52}},"18":{"start":{"line":33,"column":12},"end":{"line":33,"column":null}},"19":{"start":{"line":36,"column":12},"end":{"line":36,"column":78}},"20":{"start":{"line":42,"column":8},"end":{"line":49,"column":9}},"21":{"start":{"line":43,"column":25},"end":{"line":43,"column":52}},"22":{"start":{"line":44,"column":12},"end":{"line":44,"column":null}},"23":{"start":{"line":45,"column":32},"end":{"line":45,"column":80}},"24":{"start":{"line":46,"column":12},"end":{"line":46,"column":57}},"25":{"start":{"line":48,"column":12},"end":{"line":48,"column":78}},"26":{"start":{"line":53,"column":8},"end":{"line":58,"column":9}},"27":{"start":{"line":54,"column":25},"end":{"line":54,"column":52}},"28":{"start":{"line":55,"column":12},"end":{"line":55,"column":null}},"29":{"start":{"line":57,"column":12},"end":{"line":57,"column":76}},"30":{"start":{"line":62,"column":21},"end":{"line":62,"column":54}},"31":{"start":{"line":63,"column":8},"end":{"line":63,"column":75}},"32":{"start":{"line":63,"column":19},"end":{"line":63,"column":75}},"33":{"start":{"line":64,"column":8},"end":{"line":64,"column":20}},"34":{"start":{"line":68,"column":21},"end":{"line":68,"column":66}},"35":{"start":{"line":69,"column":8},"end":{"line":69,"column":73}},"36":{"start":{"line":69,"column":18},"end":{"line":69,"column":73}},"37":{"start":{"line":7,"column":0},"end":{"line":7,"column":13}}},"fnMap":{"0":{"name":"(anonymous_0)","decl":{"start":{"line":9,"column":4},"end":{"line":9,"column":9}},"loc":{"start":{"line":9,"column":47},"end":{"line":17,"column":5}}},"1":{"name":"(anonymous_1)","decl":{"start":{"line":19,"column":4},"end":{"line":19,"column":9}},"loc":{"start":{"line":19,"column":17},"end":{"line":28,"column":5}}},"2":{"name":"(anonymous_2)","decl":{"start":{"line":23,"column":41},"end":{"line":23,"column":45}},"loc":{"start":{"line":23,"column":49},"end":{"line":23,"column":79}}},"3":{"name":"(anonymous_3)","decl":{"start":{"line":30,"column":4},"end":{"line":30,"column":9}},"loc":{"start":{"line":30,"column":29},"end":{"line":38,"column":5}}},"4":{"name":"(anonymous_4)","decl":{"start":{"line":41,"column":4},"end":{"line":41,"column":9}},"loc":{"start":{"line":41,"column":78},"end":{"line":50,"column":5}}},"5":{"name":"(anonymous_5)","decl":{"start":{"line":52,"column":4},"end":{"line":52,"column":9}},"loc":{"start":{"line":52,"column":27},"end":{"line":59,"column":5}}},"6":{"name":"(anonymous_6)","decl":{"start":{"line":61,"column":12},"end":{"line":61,"column":17}},"loc":{"start":{"line":61,"column":41},"end":{"line":65,"column":5}}},"7":{"name":"(anonymous_7)","decl":{"start":{"line":67,"column":12},"end":{"line":67,"column":17}},"loc":{"start":{"line":67,"column":51},"end":{"line":70,"column":5}}}},"branchMap":{"0":{"loc":{"start":{"line":22,"column":12},"end":{"line":22,"column":102}},"type":"if","locations":[{"start":{"line":22,"column":12},"end":{"line":22,"column":102}}]},"1":{"loc":{"start":{"line":22,"column":16},"end":{"line":22,"column":51}},"type":"binary-expr","locations":[{"start":{"line":22,"column":16},"end":{"line":22,"column":30}},{"start":{"line":22,"column":34},"end":{"line":22,"column":51}}]},"2":{"loc":{"start":{"line":63,"column":8},"end":{"line":63,"column":75}},"type":"if","locations":[{"start":{"line":63,"column":8},"end":{"line":63,"column":75}}]},"3":{"loc":{"start":{"line":69,"column":8},"end":{"line":69,"column":73}},"type":"if","locations":[{"start":{"line":69,"column":8},"end":{"line":69,"column":73}}]}},"s":{"0":1,"1":1,"2":1,"3":0,"4":0,"5":0,"6":0,"7":0,"8":0,"9":0,"10":0,"11":0,"12":0,"13":0,"14":0,"15":0,"16":0,"17":0,"18":0,"19":0,"20":0,"21":0,"22":0,"23":0,"24":0,"25":0,"26":0,"27":0,"28":0,"29":0,"30":0,"31":0,"32":0,"33":0,"34":0,"35":0,"36":0,"37":1},"f":{"0":0,"1":0,"2":0,"3":0,"4":0,"5":0,"6":0,"7":0},"b":{"0":[0],"1":[0,0],"2":[0],"3":[0]}}
}
